mode: set
ai-proxy/convert/common.go:7.86,8.21 1 1
ai-proxy/convert/common.go:8.21,10.3 1 1
ai-proxy/convert/common.go:11.2,12.29 2 1
ai-proxy/convert/common.go:12.29,17.3 1 1
ai-proxy/convert/common.go:18.2,18.15 1 1
ai-proxy/convert/common.go:21.86,22.21 1 1
ai-proxy/convert/common.go:22.21,24.3 1 1
ai-proxy/convert/common.go:25.2,26.29 2 1
ai-proxy/convert/common.go:26.29,31.3 1 1
ai-proxy/convert/common.go:32.2,32.15 1 1
ai-proxy/convert/common.go:35.76,36.22 1 1
ai-proxy/convert/common.go:36.22,38.3 1 1
ai-proxy/convert/common.go:39.2,40.30 2 1
ai-proxy/convert/common.go:40.30,49.3 1 1
ai-proxy/convert/common.go:50.2,50.15 1 1
ai-proxy/convert/common.go:53.76,54.22 1 1
ai-proxy/convert/common.go:54.22,56.3 1 1
ai-proxy/convert/common.go:57.2,58.30 2 1
ai-proxy/convert/common.go:58.30,64.3 1 1
ai-proxy/convert/common.go:65.2,65.15 1 1
ai-proxy/convert/common.go:68.57,69.20 1 1
ai-proxy/convert/common.go:69.20,71.3 1 1
ai-proxy/convert/common.go:72.2,72.29 1 1
ai-proxy/convert/common.go:73.14,74.11 1 1
ai-proxy/convert/common.go:75.28,77.27 2 1
ai-proxy/convert/common.go:77.27,78.28 1 1
ai-proxy/convert/common.go:78.28,80.5 1 1
ai-proxy/convert/common.go:82.3,82.14 1 1
ai-proxy/convert/common.go:83.21,85.26 2 1
ai-proxy/convert/common.go:85.26,86.74 1 1
ai-proxy/convert/common.go:86.74,88.5 1 1
ai-proxy/convert/common.go:90.3,90.14 1 1
ai-proxy/convert/common.go:92.2,92.11 1 1
ai-proxy/convert/common.go:95.54,96.19 1 1
ai-proxy/convert/common.go:96.19,98.3 1 1
ai-proxy/convert/common.go:99.2,99.28 1 1
ai-proxy/convert/common.go:100.14,101.11 1 1
ai-proxy/convert/common.go:102.28,104.27 2 1
ai-proxy/convert/common.go:104.27,105.28 1 1
ai-proxy/convert/common.go:105.28,107.5 1 1
ai-proxy/convert/common.go:109.3,109.14 1 1
ai-proxy/convert/common.go:110.21,112.26 2 1
ai-proxy/convert/common.go:112.26,113.74 1 1
ai-proxy/convert/common.go:113.74,115.5 1 1
ai-proxy/convert/common.go:117.3,117.14 1 1
ai-proxy/convert/common.go:119.2,119.11 1 1
