mode: set
ai-proxy/convert/chat_to_anthropic.go:16.62,18.2 1 1
ai-proxy/convert/chat_to_anthropic.go:21.73,23.55 2 1
ai-proxy/convert/chat_to_anthropic.go:23.55,25.3 1 1
ai-proxy/convert/chat_to_anthropic.go:26.2,26.35 1 1
ai-proxy/convert/chat_to_anthropic.go:29.105,37.26 2 1
ai-proxy/convert/chat_to_anthropic.go:37.26,39.3 1 1
ai-proxy/convert/chat_to_anthropic.go:40.2,42.30 3 1
ai-proxy/convert/chat_to_anthropic.go:45.68,46.20 1 1
ai-proxy/convert/chat_to_anthropic.go:46.20,48.3 1 1
ai-proxy/convert/chat_to_anthropic.go:49.2,49.18 1 1
ai-proxy/convert/chat_to_anthropic.go:52.99,54.31 2 1
ai-proxy/convert/chat_to_anthropic.go:54.31,57.3 2 1
ai-proxy/convert/chat_to_anthropic.go:58.2,58.15 1 1
ai-proxy/convert/chat_to_anthropic.go:61.91,63.16 2 1
ai-proxy/convert/chat_to_anthropic.go:63.16,65.3 1 1
ai-proxy/convert/chat_to_anthropic.go:66.2,67.26 2 1
ai-proxy/convert/chat_to_anthropic.go:67.26,69.3 1 1
ai-proxy/convert/chat_to_anthropic.go:70.2,70.26 1 1
ai-proxy/convert/chat_to_anthropic.go:70.26,72.3 1 1
ai-proxy/convert/chat_to_anthropic.go:73.2,73.19 1 1
ai-proxy/convert/chat_to_anthropic.go:73.19,75.3 1 0
ai-proxy/convert/chat_to_anthropic.go:76.2,76.61 1 1
ai-proxy/convert/chat_to_anthropic.go:79.64,80.14 1 1
ai-proxy/convert/chat_to_anthropic.go:81.14,82.16 1 1
ai-proxy/convert/chat_to_anthropic.go:83.19,84.21 1 1
ai-proxy/convert/chat_to_anthropic.go:85.16,86.12 1 1
ai-proxy/convert/chat_to_anthropic.go:87.14,88.16 1 1
ai-proxy/convert/chat_to_anthropic.go:89.10,90.16 1 0
ai-proxy/convert/chat_to_anthropic.go:94.79,95.20 1 1
ai-proxy/convert/chat_to_anthropic.go:95.20,97.3 1 1
ai-proxy/convert/chat_to_anthropic.go:98.2,98.35 1 1
ai-proxy/convert/chat_to_anthropic.go:98.35,100.3 1 1
ai-proxy/convert/chat_to_anthropic.go:101.2,101.11 1 0
ai-proxy/convert/chat_to_anthropic.go:104.128,106.16 2 1
ai-proxy/convert/chat_to_anthropic.go:106.16,108.3 1 1
ai-proxy/convert/chat_to_anthropic.go:109.2,109.31 1 1
ai-proxy/convert/chat_to_anthropic.go:109.31,111.34 2 1
ai-proxy/convert/chat_to_anthropic.go:111.34,113.4 1 1
ai-proxy/convert/chat_to_anthropic.go:114.3,119.5 1 1
ai-proxy/convert/chat_to_anthropic.go:121.2,121.60 1 1
ai-proxy/convert/chat_to_anthropic.go:124.122,131.2 2 1
ai-proxy/convert/chat_to_anthropic.go:133.85,134.21 1 1
ai-proxy/convert/chat_to_anthropic.go:134.21,136.3 1 1
ai-proxy/convert/chat_to_anthropic.go:137.2,138.29 2 1
ai-proxy/convert/chat_to_anthropic.go:138.29,139.30 1 1
ai-proxy/convert/chat_to_anthropic.go:139.30,145.4 1 1
ai-proxy/convert/chat_to_anthropic.go:147.2,147.15 1 1
ai-proxy/convert/chat_to_anthropic.go:164.77,169.2 1 1
ai-proxy/convert/chat_to_anthropic.go:172.72,173.48 1 1
ai-proxy/convert/chat_to_anthropic.go:173.48,175.3 1 1
ai-proxy/convert/chat_to_anthropic.go:176.2,177.67 2 1
ai-proxy/convert/chat_to_anthropic.go:177.67,179.3 1 1
ai-proxy/convert/chat_to_anthropic.go:180.2,180.20 1 1
ai-proxy/convert/chat_to_anthropic.go:180.20,182.3 1 1
ai-proxy/convert/chat_to_anthropic.go:183.2,183.23 1 1
ai-proxy/convert/chat_to_anthropic.go:183.23,185.3 1 1
ai-proxy/convert/chat_to_anthropic.go:186.2,186.39 1 1
ai-proxy/convert/chat_to_anthropic.go:186.39,187.52 1 1
ai-proxy/convert/chat_to_anthropic.go:187.52,189.4 1 0
ai-proxy/convert/chat_to_anthropic.go:191.2,191.12 1 1
ai-proxy/convert/chat_to_anthropic.go:194.82,195.32 1 1
ai-proxy/convert/chat_to_anthropic.go:195.32,197.3 1 1
ai-proxy/convert/chat_to_anthropic.go:198.2,198.37 1 1
ai-proxy/convert/chat_to_anthropic.go:198.37,200.3 1 1
ai-proxy/convert/chat_to_anthropic.go:201.2,201.12 1 0
ai-proxy/convert/chat_to_anthropic.go:204.77,205.23 1 1
ai-proxy/convert/chat_to_anthropic.go:205.23,207.52 2 1
ai-proxy/convert/chat_to_anthropic.go:207.52,209.4 1 0
ai-proxy/convert/chat_to_anthropic.go:211.2,219.28 2 1
ai-proxy/convert/chat_to_anthropic.go:222.91,223.31 1 1
ai-proxy/convert/chat_to_anthropic.go:223.31,224.50 1 1
ai-proxy/convert/chat_to_anthropic.go:224.50,226.4 1 0
ai-proxy/convert/chat_to_anthropic.go:228.2,228.12 1 1
ai-proxy/convert/chat_to_anthropic.go:231.82,232.28 1 1
ai-proxy/convert/chat_to_anthropic.go:232.28,234.72 2 1
ai-proxy/convert/chat_to_anthropic.go:234.72,236.4 1 0
ai-proxy/convert/chat_to_anthropic.go:238.2,238.33 1 1
ai-proxy/convert/chat_to_anthropic.go:238.33,239.64 1 1
ai-proxy/convert/chat_to_anthropic.go:239.64,241.4 1 0
ai-proxy/convert/chat_to_anthropic.go:243.2,243.12 1 1
ai-proxy/convert/chat_to_anthropic.go:246.69,253.2 2 1
ai-proxy/convert/chat_to_anthropic.go:255.81,267.2 2 1
ai-proxy/convert/chat_to_anthropic.go:269.71,279.2 2 1
ai-proxy/convert/chat_to_anthropic.go:281.85,283.16 2 1
ai-proxy/convert/chat_to_anthropic.go:283.16,285.3 1 0
ai-proxy/convert/chat_to_anthropic.go:286.2,286.55 1 1
ai-proxy/convert/chat_to_anthropic.go:289.90,291.16 2 1
ai-proxy/convert/chat_to_anthropic.go:291.16,293.3 1 0
ai-proxy/convert/chat_to_anthropic.go:294.2,295.16 2 1
ai-proxy/convert/chat_to_anthropic.go:295.16,297.3 1 0
ai-proxy/convert/chat_to_anthropic.go:298.2,299.16 2 1
ai-proxy/convert/chat_to_anthropic.go:299.16,301.3 1 0
ai-proxy/convert/chat_to_anthropic.go:302.2,303.12 2 1
ai-proxy/convert/chat_to_anthropic.go:306.74,309.2 2 1
ai-proxy/convert/chat_to_anthropic.go:312.52,314.2 1 1
ai-proxy/convert/chat_to_anthropic.go:317.52,319.2 1 1
ai-proxy/convert/common.go:7.86,8.21 1 1
ai-proxy/convert/common.go:8.21,10.3 1 1
ai-proxy/convert/common.go:11.2,12.29 2 1
ai-proxy/convert/common.go:12.29,17.3 1 1
ai-proxy/convert/common.go:18.2,18.15 1 1
ai-proxy/convert/common.go:21.86,22.21 1 1
ai-proxy/convert/common.go:22.21,24.3 1 1
ai-proxy/convert/common.go:25.2,26.29 2 1
ai-proxy/convert/common.go:26.29,31.3 1 1
ai-proxy/convert/common.go:32.2,32.15 1 1
ai-proxy/convert/common.go:35.76,36.22 1 1
ai-proxy/convert/common.go:36.22,38.3 1 1
ai-proxy/convert/common.go:39.2,40.30 2 1
ai-proxy/convert/common.go:40.30,49.3 1 1
ai-proxy/convert/common.go:50.2,50.15 1 1
ai-proxy/convert/common.go:53.76,54.22 1 1
ai-proxy/convert/common.go:54.22,56.3 1 1
ai-proxy/convert/common.go:57.2,58.30 2 1
ai-proxy/convert/common.go:58.30,64.3 1 1
ai-proxy/convert/common.go:65.2,65.15 1 1
ai-proxy/convert/common.go:68.57,69.20 1 1
ai-proxy/convert/common.go:69.20,71.3 1 1
ai-proxy/convert/common.go:72.2,72.29 1 1
ai-proxy/convert/common.go:73.14,74.11 1 1
ai-proxy/convert/common.go:75.28,77.27 2 1
ai-proxy/convert/common.go:77.27,78.28 1 1
ai-proxy/convert/common.go:78.28,80.5 1 1
ai-proxy/convert/common.go:82.3,82.14 1 1
ai-proxy/convert/common.go:83.21,85.26 2 1
ai-proxy/convert/common.go:85.26,86.74 1 1
ai-proxy/convert/common.go:86.74,88.5 1 1
ai-proxy/convert/common.go:90.3,90.14 1 1
ai-proxy/convert/common.go:92.2,92.11 1 1
ai-proxy/convert/common.go:95.54,96.19 1 1
ai-proxy/convert/common.go:96.19,98.3 1 1
ai-proxy/convert/common.go:99.2,99.28 1 1
ai-proxy/convert/common.go:100.14,101.11 1 1
ai-proxy/convert/common.go:102.28,104.27 2 1
ai-proxy/convert/common.go:104.27,105.28 1 1
ai-proxy/convert/common.go:105.28,107.5 1 1
ai-proxy/convert/common.go:109.3,109.14 1 1
ai-proxy/convert/common.go:110.21,112.26 2 1
ai-proxy/convert/common.go:112.26,113.74 1 1
ai-proxy/convert/common.go:113.74,115.5 1 1
ai-proxy/convert/common.go:117.3,117.14 1 1
ai-proxy/convert/common.go:119.2,119.11 1 1
ai-proxy/convert/responses_to_chat.go:14.62,16.2 1 1
ai-proxy/convert/responses_to_chat.go:18.73,20.51 2 1
ai-proxy/convert/responses_to_chat.go:20.51,22.3 1 1
ai-proxy/convert/responses_to_chat.go:24.2,32.28 2 1
ai-proxy/convert/responses_to_chat.go:32.28,34.3 1 1
ai-proxy/convert/responses_to_chat.go:36.2,39.30 3 1
ai-proxy/convert/responses_to_chat.go:42.84,43.18 1 1
ai-proxy/convert/responses_to_chat.go:43.18,45.3 1 1
ai-proxy/convert/responses_to_chat.go:47.2,47.27 1 1
ai-proxy/convert/responses_to_chat.go:48.14,52.5 1 1
ai-proxy/convert/responses_to_chat.go:53.21,54.32 1 1
ai-proxy/convert/responses_to_chat.go:55.10,56.13 1 0
ai-proxy/convert/responses_to_chat.go:60.91,62.29 2 1
ai-proxy/convert/responses_to_chat.go:62.29,64.17 2 1
ai-proxy/convert/responses_to_chat.go:64.17,66.4 1 1
ai-proxy/convert/responses_to_chat.go:68.2,68.17 1 1
ai-proxy/convert/responses_to_chat.go:71.86,73.16 2 1
ai-proxy/convert/responses_to_chat.go:73.16,75.3 1 0
ai-proxy/convert/responses_to_chat.go:77.2,78.57 2 1
ai-proxy/convert/responses_to_chat.go:78.57,80.3 1 0
ai-proxy/convert/responses_to_chat.go:82.2,82.33 1 1
ai-proxy/convert/responses_to_chat.go:82.33,84.3 1 1
ai-proxy/convert/responses_to_chat.go:86.2,89.3 1 1
ai-proxy/convert/responses_to_chat.go:92.91,93.21 1 1
ai-proxy/convert/responses_to_chat.go:93.21,95.3 1 1
ai-proxy/convert/responses_to_chat.go:97.2,98.29 2 1
ai-proxy/convert/responses_to_chat.go:98.29,99.49 1 1
ai-proxy/convert/responses_to_chat.go:99.49,101.24 2 1
ai-proxy/convert/responses_to_chat.go:101.24,103.5 1 1
ai-proxy/convert/responses_to_chat.go:106.2,106.15 1 1
ai-proxy/convert/responses_to_chat.go:109.86,113.26 3 1
ai-proxy/convert/responses_to_chat.go:113.26,117.3 3 1
ai-proxy/convert/responses_to_chat.go:117.8,121.3 3 1
ai-proxy/convert/responses_to_chat.go:123.2,123.16 1 1
ai-proxy/convert/responses_to_chat.go:123.16,125.3 1 1
ai-proxy/convert/responses_to_chat.go:127.2,134.3 1 1
ai-proxy/convert/responses_to_chat.go:144.77,146.2 1 1
ai-proxy/convert/responses_to_chat.go:148.72,149.22 1 1
ai-proxy/convert/responses_to_chat.go:149.22,151.3 1 1
ai-proxy/convert/responses_to_chat.go:153.2,153.28 1 1
ai-proxy/convert/responses_to_chat.go:153.28,155.3 1 1
ai-proxy/convert/responses_to_chat.go:157.2,158.71 2 1
ai-proxy/convert/responses_to_chat.go:158.71,160.3 1 1
ai-proxy/convert/responses_to_chat.go:162.2,162.33 1 1
ai-proxy/convert/responses_to_chat.go:165.90,166.20 1 1
ai-proxy/convert/responses_to_chat.go:167.50,168.40 1 1
ai-proxy/convert/responses_to_chat.go:169.36,170.40 1 1
ai-proxy/convert/responses_to_chat.go:171.48,172.42 1 1
ai-proxy/convert/responses_to_chat.go:173.28,174.42 1 1
ai-proxy/convert/responses_to_chat.go:175.10,176.13 1 1
ai-proxy/convert/responses_to_chat.go:180.100,181.27 1 1
ai-proxy/convert/responses_to_chat.go:181.27,182.30 1 1
ai-proxy/convert/responses_to_chat.go:182.30,184.4 1 1
ai-proxy/convert/responses_to_chat.go:185.3,185.33 1 1
ai-proxy/convert/responses_to_chat.go:185.33,187.4 1 1
ai-proxy/convert/responses_to_chat.go:189.2,189.12 1 1
ai-proxy/convert/responses_to_chat.go:192.100,208.2 3 1
ai-proxy/convert/responses_to_chat.go:210.102,211.29 1 1
ai-proxy/convert/responses_to_chat.go:211.29,213.3 1 1
ai-proxy/convert/responses_to_chat.go:215.2,235.19 3 1
ai-proxy/convert/responses_to_chat.go:235.19,237.3 1 1
ai-proxy/convert/responses_to_chat.go:238.2,238.23 1 1
ai-proxy/convert/responses_to_chat.go:238.23,240.3 1 1
ai-proxy/convert/responses_to_chat.go:241.2,242.26 2 1
ai-proxy/convert/responses_to_chat.go:245.102,258.58 3 1
ai-proxy/convert/responses_to_chat.go:258.58,264.3 1 1
ai-proxy/convert/responses_to_chat.go:265.2,266.26 2 1
ai-proxy/convert/responses_to_chat.go:269.67,270.20 1 1
ai-proxy/convert/responses_to_chat.go:270.20,272.3 1 0
ai-proxy/convert/responses_to_chat.go:273.2,274.16 2 1
ai-proxy/convert/responses_to_chat.go:274.16,276.3 1 0
ai-proxy/convert/responses_to_chat.go:277.2,278.16 2 1
ai-proxy/convert/responses_to_chat.go:278.16,280.3 1 0
ai-proxy/convert/responses_to_chat.go:281.2,282.12 2 1
ai-proxy/convert/responses_to_chat.go:285.52,286.51 1 1
ai-proxy/convert/responses_to_chat.go:286.51,288.3 1 0
ai-proxy/convert/responses_to_chat.go:289.2,289.12 1 1
ai-proxy/convert/responses_to_chat.go:292.52,294.2 1 1
ai-proxy/convert/responses_to_chat.go:296.63,299.2 2 0
